Locating center pix now...@rank0
One trail is going ...@rank0
One trail is going ...@rank0
One trail is going ...@rank0
One trail is going ...@rank0
One trail is going ...@rank0
One trail is going ...@rank0
One trail is going ...@rank0
One trail is going ...@rank0
One trail is going ...@rank0
One trail is going ...@rank0
Center pix is located at:  [ 52 283 ]
processing scan 54 image 0 @rank 0
Locating center pix now...@rank 0
processing scan 54 image 1 @rank 0
Locating center pix now...@rank 0
processing scan 54 image 2 @rank 0
Locating center pix now...@rank 0
processing scan 54 image 3 @rank 0
Locating center pix now...@rank 0
processing scan 54 image 4 @rank 0
Locating center pix now...@rank 0
processing scan 54 image 5 @rank 0
Locating center pix now...@rank 0
processing scan 54 image 6 @rank 0
Locating center pix now...@rank 0
processing scan 54 image 7 @rank 0
Locating center pix now...@rank 0
processing scan 54 image 8 @rank 0
Locating center pix now...@rank 0
processing scan 54 image 9 @rank 0
Locating center pix now...@rank 0
processing scan 54 image 10 @rank 0
Locating center pix now...@rank 0
processing scan 54 image 11 @rank 0
Locating center pix now...@rank 0
processing scan 54 image 12 @rank 0
Locating center pix now...@rank 0
processing scan 54 image 13 @rank 0
Locating center pix now...@rank 0
processing scan 54 image 14 @rank 0
Locating center pix now...@rank 0
processing scan 54 image 15 @rank 0
Locating center pix now...@rank 0
Doing comninations now!
Doing comninations now!
Doing comninations now!
Doing comninations now!
Doing comninations now!
Doing comninations now!
Doing comninations now!
Doing comninations now!
Doing comninations now!
Doing comninations now!
Doing comninations now!
Doing comninations now!
Doing comninations now!
Doing comninations now!
Doing comninations now!
Doing comninations now!
Doing comninations now!
Doing comninations now!
Doing comninations now!
Doing comninations now!
Doing comninations now!
Doing comninations now!
Doing comninations now!
Doing comninations now!
Doing comninations now!
Doing comninations now!
Doing comninations now!
Doing comninations now!
Doing comninations now!
Doing comninations now!
Doing comninations now!
Doing comninations now!
Doing comninations now!
Doing comninations now!
Done with jobs at rank 19
Done with jobs at rank 11
Doing comninations now!
Done with jobs at rank 35
Done with jobs at rank 10
Doing comninations now!
Done with jobs at rank 27
Done with jobs at rank 7
Done with jobs at rank 39
Done with jobs at rank 50
Done with jobs at rank 51
Done with jobs at rank 38
Done with jobs at rank 18
Done with jobs at rank 43
Done with jobs at rank 42
Done with jobs at rank 26
Done with jobs at rank 2
Done with jobs at rank 3
Done with jobs at rank 6
Doing comninations now!
Doing comninations now!
Doing comninations now!
Doing comninations now!
Doing comninations now!
Doing comninations now!
Doing comninations now!
Doing comninations now!
Doing comninations now!
Doing comninations now!
Doing comninations now!
Doing comninations now!
Doing comninations now!
Doing comninations now!
Doing comninations now!
Doing comninations now!
Doing comninations now!
Doing comninations now!
Doing comninations now!
Doing comninations now!
Done with jobs at rank 31
Done with jobs at rank 30
Done with jobs at rank 63
Done with jobs at rank 62
Done with jobs at rank 34
Doing comninations now!
Done with jobs at rank 1
Done with jobs at rank 45
Done with jobs at rank 59
Done with jobs at rank 15
Done with jobs at rank 14
Done with jobs at rank 17
Done with jobs at rank 13
Done with jobs at rank 58
Done with jobs at rank 29
Done with jobs at rank 36
Done with jobs at rank 37
Done with jobs at rank 33
Done with jobs at rank 55
Done with jobs at rank 54
Done with jobs at rank 23
Done with jobs at rank 22
Done with jobs at rank 28
Doing comninations now!
Doing comninations now!
Done with jobs at rank 12
Doing comninations now!
Doing comninations now!
Doing comninations now!
Doing comninations now!
Doing comninations now!
Done with jobs at rank 5
Done with jobs at rank 4
Done with jobs at rank 49
Done with jobs at rank 41
Done with jobs at rank 53
Done with jobs at rank 61
Done with jobs at rank 52
Done with jobs at rank 60
Done with jobs at rank 48
Done with jobs at rank 56
Done with jobs at rank 57
Done with jobs at rank 21
Done with jobs at rank 20
Done with jobs at rank 47
Done with jobs at rank 46
Done with jobs at rank 24
Done with jobs at rank 25
Done with jobs at rank 9
Done with jobs at rank 8
Done with jobs at rank 44
Done with jobs at rank 16
Done with jobs at rank 40
Done with jobs at rank 32
Done with jobs at rank 0
MPI run is completed now!
